[main] 2021-08-18 15:02:40 INFO  com.app.Main  - Welcome to online shopping Mall
[main] 2021-08-18 15:02:40 INFO  com.app.Main  - ===============================
[main] 2021-08-18 15:02:40 INFO  com.app.Main  - Main Menu
[main] 2021-08-18 15:02:40 INFO  com.app.Main  - 1)  Login As Customer
[main] 2021-08-18 15:02:40 INFO  com.app.Main  - 2)  Login As Employee
[main] 2021-08-18 15:02:40 INFO  com.app.Main  - 3)  Register Customer
[main] 2021-08-18 15:02:40 INFO  com.app.Main  - 4)  EXIT
[main] 2021-08-18 15:02:40 INFO  com.app.Main  - Please enter your choice(1-4)
[main] 2021-08-18 15:02:52 INFO  com.app.Main  - Welcome to online shopping Mall
[main] 2021-08-18 15:02:52 INFO  com.app.Main  - ===============================
[main] 2021-08-18 15:02:52 INFO  com.app.Main  - Main Menu
[main] 2021-08-18 15:02:52 INFO  com.app.Main  - 1)  Login As Customer
[main] 2021-08-18 15:02:52 INFO  com.app.Main  - 2)  Login As Employee
[main] 2021-08-18 15:02:52 INFO  com.app.Main  - 3)  Register Customer
[main] 2021-08-18 15:02:52 INFO  com.app.Main  - 4)  EXIT
[main] 2021-08-18 15:02:52 INFO  com.app.Main  - Please enter your choice(1-4)
[main] 2021-08-18 15:03:02 INFO  com.app.Main  - Welcome to Customer Login
[main] 2021-08-18 15:03:02 INFO  com.app.Main  - Enter UserName
[main] 2021-08-18 15:08:55 INFO  com.app.Main  - Welcome to online shopping Mall
[main] 2021-08-18 15:08:55 INFO  com.app.Main  - ===============================
[main] 2021-08-18 15:08:55 INFO  com.app.Main  - Main Menu
[main] 2021-08-18 15:08:55 INFO  com.app.Main  - 1)  Login As Customer
[main] 2021-08-18 15:08:55 INFO  com.app.Main  - 2)  Login As Employee
[main] 2021-08-18 15:08:55 INFO  com.app.Main  - 3)  Register Customer
[main] 2021-08-18 15:08:55 INFO  com.app.Main  - 4)  EXIT
[main] 2021-08-18 15:08:55 INFO  com.app.Main  - Please enter your choice(1-4)
[main] 2021-08-18 15:09:03 INFO  com.app.Main  - Welcome to Customer Login
[main] 2021-08-18 15:09:03 INFO  com.app.Main  - Enter UserName
[main] 2021-08-18 15:17:59 INFO  com.app.Main  - Welcome to online shopping Mall
[main] 2021-08-18 15:17:59 INFO  com.app.Main  - ===============================
[main] 2021-08-18 15:17:59 INFO  com.app.Main  - Main Menu
[main] 2021-08-18 15:17:59 INFO  com.app.Main  - 1)  Login As Customer
[main] 2021-08-18 15:17:59 INFO  com.app.Main  - 2)  Login As Employee
[main] 2021-08-18 15:17:59 INFO  com.app.Main  - 3)  Register Customer
[main] 2021-08-18 15:17:59 INFO  com.app.Main  - 4)  EXIT
[main] 2021-08-18 15:17:59 INFO  com.app.Main  - Please enter your choice(1-4)
[main] 2021-08-18 15:18:08 INFO  com.app.Main  - 1)  Login As Customer
[main] 2021-08-18 15:18:08 INFO  com.app.Main  - 2)  Login As Employee
[main] 2021-08-18 15:18:08 INFO  com.app.Main  - 3)  Register Customer
[main] 2021-08-18 15:18:08 INFO  com.app.Main  - 4)  EXIT
[main] 2021-08-18 15:18:08 INFO  com.app.Main  - Please enter your choice(1-4)
[main] 2021-08-18 15:18:36 INFO  com.app.Main  - Welcome to online shopping Mall
[main] 2021-08-18 15:18:36 INFO  com.app.Main  - ===============================
[main] 2021-08-18 15:18:36 INFO  com.app.Main  - Main Menu
[main] 2021-08-18 15:18:36 INFO  com.app.Main  - 1)  Login As Customer
[main] 2021-08-18 15:18:36 INFO  com.app.Main  - 2)  Login As Employee
[main] 2021-08-18 15:18:36 INFO  com.app.Main  - 3)  Register Customer
[main] 2021-08-18 15:18:36 INFO  com.app.Main  - 4)  EXIT
[main] 2021-08-18 15:18:36 INFO  com.app.Main  - Please enter your choice(1-4)
[main] 2021-08-18 15:18:50 INFO  com.app.Main  - Welcome to online shopping Mall
[main] 2021-08-18 15:18:50 INFO  com.app.Main  - ===============================
[main] 2021-08-18 15:18:50 INFO  com.app.Main  - Main Menu
[main] 2021-08-18 15:18:50 INFO  com.app.Main  - 1)  Login As Customer
[main] 2021-08-18 15:18:50 INFO  com.app.Main  - 2)  Login As Employee
[main] 2021-08-18 15:18:50 INFO  com.app.Main  - 3)  Register Customer
[main] 2021-08-18 15:18:50 INFO  com.app.Main  - 4)  EXIT
[main] 2021-08-18 15:18:50 INFO  com.app.Main  - Please enter your choice(1-4)
[main] 2021-08-18 16:20:33 INFO  com.app.Main  - Welcome to online shopping Mall
[main] 2021-08-18 16:20:33 INFO  com.app.Main  - ===============================
[main] 2021-08-18 16:20:33 INFO  com.app.Main  - Main Menu
[main] 2021-08-18 16:20:33 INFO  com.app.Main  - 1)  Login As Customer
[main] 2021-08-18 16:20:33 INFO  com.app.Main  - 2)  Login As Employee
[main] 2021-08-18 16:20:33 INFO  com.app.Main  - 3)  Register Customer
[main] 2021-08-18 16:20:33 INFO  com.app.Main  - 4)  EXIT
[main] 2021-08-18 16:20:33 INFO  com.app.Main  - Please enter your choice(1-4)
[main] 2021-08-18 16:20:38 INFO  com.app.Main  - Welcome to Customer Login
[main] 2021-08-18 16:20:38 INFO  com.app.Main  - Enter UserName
[main] 2021-08-18 16:20:52 INFO  com.app.Main  - Enter Password
[main] 2021-08-18 16:21:38 INFO  com.app.Main  - Welcome to online shopping Mall
[main] 2021-08-18 16:21:38 INFO  com.app.Main  - ===============================
[main] 2021-08-18 16:21:38 INFO  com.app.Main  - Main Menu
[main] 2021-08-18 16:21:38 INFO  com.app.Main  - 1)  Login As Customer
[main] 2021-08-18 16:21:38 INFO  com.app.Main  - 2)  Login As Employee
[main] 2021-08-18 16:21:38 INFO  com.app.Main  - 3)  Register Customer
[main] 2021-08-18 16:21:38 INFO  com.app.Main  - 4)  EXIT
[main] 2021-08-18 16:21:38 INFO  com.app.Main  - Please enter your choice(1-4)
[main] 2021-08-18 16:21:42 INFO  com.app.Main  - Welcome to Customer Login
[main] 2021-08-18 16:21:42 INFO  com.app.Main  - Enter UserName
[main] 2021-08-18 16:21:55 INFO  com.app.Main  - Enter Password
[main] 2021-08-18 16:35:01 INFO  com.app.Main  - Welcome to online shopping Mall
[main] 2021-08-18 16:35:01 INFO  com.app.Main  - ===============================
[main] 2021-08-18 16:35:01 INFO  com.app.Main  - Main Menu
[main] 2021-08-18 16:35:01 INFO  com.app.Main  - 1)  Login As Customer
[main] 2021-08-18 16:35:01 INFO  com.app.Main  - 2)  Login As Employee
[main] 2021-08-18 16:35:01 INFO  com.app.Main  - 3)  Register Customer
[main] 2021-08-18 16:35:01 INFO  com.app.Main  - 4)  EXIT
[main] 2021-08-18 16:35:01 INFO  com.app.Main  - Please enter your choice(1-4)
[main] 2021-08-18 16:35:09 INFO  com.app.Main  - Welcome to Customer Login
[main] 2021-08-18 16:35:09 INFO  com.app.Main  - Enter UserName
[main] 2021-08-18 16:35:22 INFO  com.app.Main  - Enter Password
[main] 2021-08-18 16:36:12 INFO  com.app.Main  - Welcome to online shopping Mall
[main] 2021-08-18 16:36:12 INFO  com.app.Main  - ===============================
[main] 2021-08-18 16:36:12 INFO  com.app.Main  - Main Menu
[main] 2021-08-18 16:36:12 INFO  com.app.Main  - 1)  Login As Customer
[main] 2021-08-18 16:36:12 INFO  com.app.Main  - 2)  Login As Employee
[main] 2021-08-18 16:36:12 INFO  com.app.Main  - 3)  Register Customer
[main] 2021-08-18 16:36:12 INFO  com.app.Main  - 4)  EXIT
[main] 2021-08-18 16:36:12 INFO  com.app.Main  - Please enter your choice(1-4)
[main] 2021-08-18 16:36:46 INFO  com.app.Main  - Welcome to online shopping Mall
[main] 2021-08-18 16:36:46 INFO  com.app.Main  - ===============================
[main] 2021-08-18 16:36:46 INFO  com.app.Main  - Main Menu
[main] 2021-08-18 16:36:46 INFO  com.app.Main  - 1)  Login As Customer
[main] 2021-08-18 16:36:46 INFO  com.app.Main  - 2)  Login As Employee
[main] 2021-08-18 16:36:46 INFO  com.app.Main  - 3)  Register Customer
[main] 2021-08-18 16:36:46 INFO  com.app.Main  - 4)  EXIT
[main] 2021-08-18 16:36:46 INFO  com.app.Main  - Please enter your choice(1-4)
[main] 2021-08-18 16:37:03 INFO  com.app.Main  - Welcome to Customer Login
[main] 2021-08-18 16:37:03 INFO  com.app.Main  - Enter UserName
[main] 2021-08-18 16:37:27 INFO  com.app.Main  - Enter Password
[main] 2021-08-18 16:39:40 INFO  com.app.Main  - Welcome to online shopping Mall
[main] 2021-08-18 16:39:40 INFO  com.app.Main  - ===============================
[main] 2021-08-18 16:39:40 INFO  com.app.Main  - Main Menu
[main] 2021-08-18 16:39:40 INFO  com.app.Main  - 1)  Login As Customer
[main] 2021-08-18 16:39:40 INFO  com.app.Main  - 2)  Login As Employee
[main] 2021-08-18 16:39:40 INFO  com.app.Main  - 3)  Register Customer
[main] 2021-08-18 16:39:40 INFO  com.app.Main  - 4)  EXIT
[main] 2021-08-18 16:39:40 INFO  com.app.Main  - Please enter your choice(1-4)
[main] 2021-08-18 16:40:13 INFO  com.app.Main  - Welcome to Customer Login
[main] 2021-08-18 16:40:13 INFO  com.app.Main  - Enter UserName
[main] 2021-08-18 16:40:25 INFO  com.app.Main  - Enter Password
[main] 2021-08-18 16:49:41 INFO  com.app.Shopping  - Welcome to online shopping Mall
[main] 2021-08-18 16:49:41 INFO  com.app.Shopping  - ===============================
[main] 2021-08-18 16:49:41 INFO  com.app.Shopping  - Main Menu
[main] 2021-08-18 16:49:41 INFO  com.app.Shopping  - 1)  Login As Customer
[main] 2021-08-18 16:49:41 INFO  com.app.Shopping  - 2)  Login As Employee
[main] 2021-08-18 16:49:41 INFO  com.app.Shopping  - 3)  Register Customer
[main] 2021-08-18 16:49:41 INFO  com.app.Shopping  - 4)  EXIT
[main] 2021-08-18 16:49:41 INFO  com.app.Shopping  - Please enter your choice(1-4)
[main] 2021-08-18 16:49:51 INFO  com.app.Shopping  - Welcome to Customer Login
[main] 2021-08-18 16:49:51 INFO  com.app.Shopping  - Enter UserName
[main] 2021-08-18 16:50:03 INFO  com.app.Shopping  - Enter Password
[main] 2021-08-18 16:54:56 INFO  com.app.Shopping  - Welcome to online shopping Mall
[main] 2021-08-18 16:54:57 INFO  com.app.Shopping  - ===============================
[main] 2021-08-18 16:54:57 INFO  com.app.Shopping  - Main Menu
[main] 2021-08-18 16:54:57 INFO  com.app.Shopping  - 1)  Login As Customer
[main] 2021-08-18 16:54:57 INFO  com.app.Shopping  - 2)  Login As Employee
[main] 2021-08-18 16:54:57 INFO  com.app.Shopping  - 3)  Register Customer
[main] 2021-08-18 16:54:57 INFO  com.app.Shopping  - 4)  EXIT
[main] 2021-08-18 16:54:57 INFO  com.app.Shopping  - Please enter your choice(1-4)
[main] 2021-08-18 16:55:24 INFO  com.app.Shopping  - Welcome to online shopping Mall
[main] 2021-08-18 16:55:24 INFO  com.app.Shopping  - ===============================
[main] 2021-08-18 16:55:24 INFO  com.app.Shopping  - Main Menu
[main] 2021-08-18 16:55:24 INFO  com.app.Shopping  - 1)  Login As Customer
[main] 2021-08-18 16:55:24 INFO  com.app.Shopping  - 2)  Login As Employee
[main] 2021-08-18 16:55:24 INFO  com.app.Shopping  - 3)  Register Customer
[main] 2021-08-18 16:55:24 INFO  com.app.Shopping  - 4)  EXIT
[main] 2021-08-18 16:55:24 INFO  com.app.Shopping  - Please enter your choice(1-4)
[main] 2021-08-18 16:55:54 INFO  com.app.Shopping  - Welcome to online shopping Mall
[main] 2021-08-18 16:55:54 INFO  com.app.Shopping  - ===============================
[main] 2021-08-18 16:55:54 INFO  com.app.Shopping  - Main Menu
[main] 2021-08-18 16:55:54 INFO  com.app.Shopping  - 1)  Login As Customer
[main] 2021-08-18 16:55:54 INFO  com.app.Shopping  - 2)  Login As Employee
[main] 2021-08-18 16:55:54 INFO  com.app.Shopping  - 3)  Register Customer
[main] 2021-08-18 16:55:54 INFO  com.app.Shopping  - 4)  EXIT
[main] 2021-08-18 16:55:54 INFO  com.app.Shopping  - Please enter your choice(1-4)
[main] 2021-08-18 16:55:58 INFO  com.app.Shopping  - Welcome to Customer Login
[main] 2021-08-18 16:55:58 INFO  com.app.Shopping  - Enter UserName
[main] 2021-08-18 16:56:10 INFO  com.app.Shopping  - Enter Password
[main] 2021-08-18 16:57:24 INFO  com.app.Shopping  - Welcome to online shopping Mall
[main] 2021-08-18 16:57:24 INFO  com.app.Shopping  - ===============================
[main] 2021-08-18 16:57:24 INFO  com.app.Shopping  - Main Menu
[main] 2021-08-18 16:57:24 INFO  com.app.Shopping  - 1)  Login As Customer
[main] 2021-08-18 16:57:24 INFO  com.app.Shopping  - 2)  Login As Employee
[main] 2021-08-18 16:57:24 INFO  com.app.Shopping  - 3)  Register Customer
[main] 2021-08-18 16:57:24 INFO  com.app.Shopping  - 4)  EXIT
[main] 2021-08-18 16:57:24 INFO  com.app.Shopping  - Please enter your choice(1-4)
[main] 2021-08-18 16:57:31 INFO  com.app.Shopping  - 1)  Login As Customer
[main] 2021-08-18 16:57:31 INFO  com.app.Shopping  - 2)  Login As Employee
[main] 2021-08-18 16:57:31 INFO  com.app.Shopping  - 3)  Register Customer
[main] 2021-08-18 16:57:31 INFO  com.app.Shopping  - 4)  EXIT
[main] 2021-08-18 16:57:31 INFO  com.app.Shopping  - Please enter your choice(1-4)
[main] 2021-08-18 16:57:37 INFO  com.app.Shopping  - Welcome to Customer Login
[main] 2021-08-18 16:57:37 INFO  com.app.Shopping  - Enter UserName
[main] 2021-08-18 16:57:42 INFO  com.app.Shopping  - Enter Password
[main] 2021-08-18 16:59:38 INFO  com.app.Shopping  - Welcome to online shopping Mall
[main] 2021-08-18 16:59:38 INFO  com.app.Shopping  - ===============================
[main] 2021-08-18 16:59:38 INFO  com.app.Shopping  - Main Menu
[main] 2021-08-18 16:59:38 INFO  com.app.Shopping  - 1)  Login As Customer
[main] 2021-08-18 16:59:38 INFO  com.app.Shopping  - 2)  Login As Employee
[main] 2021-08-18 16:59:38 INFO  com.app.Shopping  - 3)  Register Customer
[main] 2021-08-18 16:59:38 INFO  com.app.Shopping  - 4)  EXIT
[main] 2021-08-18 16:59:38 INFO  com.app.Shopping  - Please enter your choice(1-4)
[main] 2021-08-18 16:59:44 INFO  com.app.Shopping  - Welcome to Customer Login
[main] 2021-08-18 16:59:44 INFO  com.app.Shopping  - Enter UserName
[main] 2021-08-18 16:59:48 INFO  com.app.Shopping  - Enter Password
[main] 2021-08-18 17:02:33 INFO  com.app.Shopping  - Welcome to online shopping Mall
[main] 2021-08-18 17:02:33 INFO  com.app.Shopping  - ===============================
[main] 2021-08-18 17:02:33 INFO  com.app.Shopping  - Main Menu
[main] 2021-08-18 17:02:33 INFO  com.app.Shopping  - 1)  Login As Customer
[main] 2021-08-18 17:02:33 INFO  com.app.Shopping  - 2)  Login As Employee
[main] 2021-08-18 17:02:33 INFO  com.app.Shopping  - 3)  Register Customer
[main] 2021-08-18 17:02:33 INFO  com.app.Shopping  - 4)  EXIT
[main] 2021-08-18 17:02:33 INFO  com.app.Shopping  - Please enter your choice(1-4)
[main] 2021-08-18 17:02:50 INFO  com.app.Shopping  - Welcome to Customer Login
[main] 2021-08-18 17:02:50 INFO  com.app.Shopping  - Enter UserName
[main] 2021-08-18 17:03:00 INFO  com.app.Shopping  - Enter Password
[main] 2021-08-18 17:03:05 INFO  com.app.Shopping  - Login Successfully
[main] 2021-08-18 17:03:05 INFO  com.app.Shopping  - 1)  Login As Customer
[main] 2021-08-18 17:03:05 INFO  com.app.Shopping  - 2)  Login As Employee
[main] 2021-08-18 17:03:05 INFO  com.app.Shopping  - 3)  Register Customer
[main] 2021-08-18 17:03:05 INFO  com.app.Shopping  - 4)  EXIT
[main] 2021-08-18 17:03:05 INFO  com.app.Shopping  - Please enter your choice(1-4)
[main] 2021-08-18 18:00:01 INFO  com.app.Shopping  - Welcome to online shopping Mall
[main] 2021-08-18 18:00:01 INFO  com.app.Shopping  - ===============================
[main] 2021-08-18 18:00:01 INFO  com.app.Shopping  - Main Menu
[main] 2021-08-18 18:00:01 INFO  com.app.Shopping  - 1)  Login As Customer
[main] 2021-08-18 18:00:01 INFO  com.app.Shopping  - 2)  Login As Employee
[main] 2021-08-18 18:00:01 INFO  com.app.Shopping  - 3)  Register Customer
[main] 2021-08-18 18:00:01 INFO  com.app.Shopping  - 4)  EXIT
[main] 2021-08-18 18:00:01 INFO  com.app.Shopping  - Please enter your choice(1-4)
[main] 2021-08-18 18:00:10 INFO  com.app.Shopping  - Welcome to Customer Login
[main] 2021-08-18 18:00:10 INFO  com.app.Shopping  - Enter UserName
[main] 2021-08-18 18:00:23 INFO  com.app.Shopping  - Enter Password
[main] 2021-08-18 18:00:28 INFO  com.app.Shopping  - 1)  View Product List
[main] 2021-08-18 18:00:28 INFO  com.app.Shopping  - 2)  Add Product to Cart
[main] 2021-08-18 18:00:28 INFO  com.app.Shopping  - 3)  View Cart List
[main] 2021-08-18 18:00:28 INFO  com.app.Shopping  - 4)  Placed Order
[main] 2021-08-18 18:00:28 INFO  com.app.Shopping  - 5)  Mark Order Received
[main] 2021-08-18 18:00:28 INFO  com.app.Shopping  - 6)  Logout
[main] 2021-08-18 18:00:28 INFO  com.app.Shopping  - Please enter your choice(1-6)
[main] 2021-08-18 18:00:35 INFO  com.app.Shopping  - com.app.model.Product@3a079870
[main] 2021-08-18 18:00:35 INFO  com.app.Shopping  - 1)  View Product List
[main] 2021-08-18 18:00:35 INFO  com.app.Shopping  - 2)  Add Product to Cart
[main] 2021-08-18 18:00:35 INFO  com.app.Shopping  - 3)  View Cart List
[main] 2021-08-18 18:00:35 INFO  com.app.Shopping  - 4)  Placed Order
[main] 2021-08-18 18:00:35 INFO  com.app.Shopping  - 5)  Mark Order Received
[main] 2021-08-18 18:00:35 INFO  com.app.Shopping  - 6)  Logout
[main] 2021-08-18 18:00:35 INFO  com.app.Shopping  - Please enter your choice(1-6)
[main] 2021-08-18 18:01:10 INFO  com.app.Shopping  - Welcome to online shopping Mall
[main] 2021-08-18 18:01:10 INFO  com.app.Shopping  - ===============================
[main] 2021-08-18 18:01:10 INFO  com.app.Shopping  - Main Menu
[main] 2021-08-18 18:01:10 INFO  com.app.Shopping  - 1)  Login As Customer
[main] 2021-08-18 18:01:10 INFO  com.app.Shopping  - 2)  Login As Employee
[main] 2021-08-18 18:01:10 INFO  com.app.Shopping  - 3)  Register Customer
[main] 2021-08-18 18:01:10 INFO  com.app.Shopping  - 4)  EXIT
[main] 2021-08-18 18:01:10 INFO  com.app.Shopping  - Please enter your choice(1-4)
[main] 2021-08-18 18:01:20 INFO  com.app.Shopping  - Welcome to Customer Login
[main] 2021-08-18 18:01:20 INFO  com.app.Shopping  - Enter UserName
[main] 2021-08-18 18:01:27 INFO  com.app.Shopping  - Enter Password
[main] 2021-08-18 18:01:32 INFO  com.app.Shopping  - Incorrect Username and Password
[main] 2021-08-18 18:01:32 INFO  com.app.Shopping  - 1)  Login As Customer
[main] 2021-08-18 18:01:32 INFO  com.app.Shopping  - 2)  Login As Employee
[main] 2021-08-18 18:01:32 INFO  com.app.Shopping  - 3)  Register Customer
[main] 2021-08-18 18:01:32 INFO  com.app.Shopping  - 4)  EXIT
[main] 2021-08-18 18:01:32 INFO  com.app.Shopping  - Please enter your choice(1-4)
[main] 2021-08-18 18:01:35 INFO  com.app.Shopping  - Welcome to Customer Login
[main] 2021-08-18 18:01:35 INFO  com.app.Shopping  - Enter UserName
[main] 2021-08-18 18:01:41 INFO  com.app.Shopping  - Enter Password
[main] 2021-08-18 18:01:45 INFO  com.app.Shopping  - 1)  View Product List
[main] 2021-08-18 18:01:45 INFO  com.app.Shopping  - 2)  Add Product to Cart
[main] 2021-08-18 18:01:45 INFO  com.app.Shopping  - 3)  View Cart List
[main] 2021-08-18 18:01:45 INFO  com.app.Shopping  - 4)  Placed Order
[main] 2021-08-18 18:01:45 INFO  com.app.Shopping  - 5)  Mark Order Received
[main] 2021-08-18 18:01:45 INFO  com.app.Shopping  - 6)  Logout
[main] 2021-08-18 18:01:45 INFO  com.app.Shopping  - Please enter your choice(1-6)
[main] 2021-08-18 18:01:47 INFO  com.app.Shopping  - com.app.model.Product@5ad851c9
[main] 2021-08-18 18:01:47 INFO  com.app.Shopping  - 1)  View Product List
[main] 2021-08-18 18:01:47 INFO  com.app.Shopping  - 2)  Add Product to Cart
[main] 2021-08-18 18:01:47 INFO  com.app.Shopping  - 3)  View Cart List
[main] 2021-08-18 18:01:47 INFO  com.app.Shopping  - 4)  Placed Order
[main] 2021-08-18 18:01:47 INFO  com.app.Shopping  - 5)  Mark Order Received
[main] 2021-08-18 18:01:47 INFO  com.app.Shopping  - 6)  Logout
[main] 2021-08-18 18:01:47 INFO  com.app.Shopping  - Please enter your choice(1-6)
[main] 2021-08-18 18:02:40 INFO  com.app.Shopping  - Welcome to online shopping Mall
[main] 2021-08-18 18:02:40 INFO  com.app.Shopping  - ===============================
[main] 2021-08-18 18:02:40 INFO  com.app.Shopping  - Main Menu
[main] 2021-08-18 18:02:40 INFO  com.app.Shopping  - 1)  Login As Customer
[main] 2021-08-18 18:02:40 INFO  com.app.Shopping  - 2)  Login As Employee
[main] 2021-08-18 18:02:40 INFO  com.app.Shopping  - 3)  Register Customer
[main] 2021-08-18 18:02:40 INFO  com.app.Shopping  - 4)  EXIT
[main] 2021-08-18 18:02:40 INFO  com.app.Shopping  - Please enter your choice(1-4)
[main] 2021-08-18 18:02:46 INFO  com.app.Shopping  - Welcome to Customer Login
[main] 2021-08-18 18:02:46 INFO  com.app.Shopping  - Enter UserName
[main] 2021-08-18 18:02:53 INFO  com.app.Shopping  - Enter Password
[main] 2021-08-18 18:02:58 INFO  com.app.Shopping  - 1)  View Product List
[main] 2021-08-18 18:02:58 INFO  com.app.Shopping  - 2)  Add Product to Cart
[main] 2021-08-18 18:02:58 INFO  com.app.Shopping  - 3)  View Cart List
[main] 2021-08-18 18:02:58 INFO  com.app.Shopping  - 4)  Placed Order
[main] 2021-08-18 18:02:58 INFO  com.app.Shopping  - 5)  Mark Order Received
[main] 2021-08-18 18:02:58 INFO  com.app.Shopping  - 6)  Logout
[main] 2021-08-18 18:02:58 INFO  com.app.Shopping  - Please enter your choice(1-6)
[main] 2021-08-18 18:03:00 INFO  com.app.Shopping  - 1 Fan 500
[main] 2021-08-18 18:03:00 INFO  com.app.Shopping  - 1)  View Product List
[main] 2021-08-18 18:03:00 INFO  com.app.Shopping  - 2)  Add Product to Cart
[main] 2021-08-18 18:03:00 INFO  com.app.Shopping  - 3)  View Cart List
[main] 2021-08-18 18:03:00 INFO  com.app.Shopping  - 4)  Placed Order
[main] 2021-08-18 18:03:00 INFO  com.app.Shopping  - 5)  Mark Order Received
[main] 2021-08-18 18:03:00 INFO  com.app.Shopping  - 6)  Logout
[main] 2021-08-18 18:03:00 INFO  com.app.Shopping  - Please enter your choice(1-6)
[main] 2021-08-18 18:07:28 INFO  com.app.Shopping  - Welcome to online shopping Mall
[main] 2021-08-18 18:07:28 INFO  com.app.Shopping  - ===============================
[main] 2021-08-18 18:07:28 INFO  com.app.Shopping  - Main Menu
[main] 2021-08-18 18:07:28 INFO  com.app.Shopping  - 1)  Login As Customer
[main] 2021-08-18 18:07:28 INFO  com.app.Shopping  - 2)  Login As Employee
[main] 2021-08-18 18:07:28 INFO  com.app.Shopping  - 3)  Register Customer
[main] 2021-08-18 18:07:28 INFO  com.app.Shopping  - 4)  EXIT
[main] 2021-08-18 18:07:28 INFO  com.app.Shopping  - Please enter your choice(1-4)
[main] 2021-08-18 18:08:18 INFO  com.app.Shopping  - Welcome to online shopping Mall
[main] 2021-08-18 18:08:18 INFO  com.app.Shopping  - ===============================
[main] 2021-08-18 18:08:18 INFO  com.app.Shopping  - Main Menu
[main] 2021-08-18 18:08:18 INFO  com.app.Shopping  - 1)  Login As Customer
[main] 2021-08-18 18:08:18 INFO  com.app.Shopping  - 2)  Login As Employee
[main] 2021-08-18 18:08:18 INFO  com.app.Shopping  - 3)  Register Customer
[main] 2021-08-18 18:08:18 INFO  com.app.Shopping  - 4)  EXIT
[main] 2021-08-18 18:08:18 INFO  com.app.Shopping  - Please enter your choice(1-4)
[main] 2021-08-18 18:09:04 INFO  com.app.Shopping  - Welcome to Customer Login
[main] 2021-08-18 18:09:04 INFO  com.app.Shopping  - Enter UserName
[main] 2021-08-18 18:09:10 INFO  com.app.Shopping  - Enter Password
[main] 2021-08-18 18:09:15 INFO  com.app.Shopping  - 1)  View Product List
[main] 2021-08-18 18:09:15 INFO  com.app.Shopping  - 2)  Add Product to Cart
[main] 2021-08-18 18:09:15 INFO  com.app.Shopping  - 3)  View Cart List
[main] 2021-08-18 18:09:15 INFO  com.app.Shopping  - 4)  Placed Order
[main] 2021-08-18 18:09:15 INFO  com.app.Shopping  - 5)  Mark Order Received
[main] 2021-08-18 18:09:15 INFO  com.app.Shopping  - 6)  Logout
[main] 2021-08-18 18:09:15 INFO  com.app.Shopping  - Please enter your choice(1-6)
[main] 2021-08-18 18:09:20 INFO  com.app.Shopping  - 1 Fan 500
[main] 2021-08-18 18:09:20 INFO  com.app.Shopping  - 2 Table 120
[main] 2021-08-18 18:09:20 INFO  com.app.Shopping  - 3 Mobile 800
[main] 2021-08-18 18:09:20 INFO  com.app.Shopping  - 4 TV 200
[main] 2021-08-18 18:09:20 INFO  com.app.Shopping  - 1)  View Product List
[main] 2021-08-18 18:09:20 INFO  com.app.Shopping  - 2)  Add Product to Cart
[main] 2021-08-18 18:09:20 INFO  com.app.Shopping  - 3)  View Cart List
[main] 2021-08-18 18:09:20 INFO  com.app.Shopping  - 4)  Placed Order
[main] 2021-08-18 18:09:20 INFO  com.app.Shopping  - 5)  Mark Order Received
[main] 2021-08-18 18:09:20 INFO  com.app.Shopping  - 6)  Logout
[main] 2021-08-18 18:09:20 INFO  com.app.Shopping  - Please enter your choice(1-6)
[main] 2021-08-18 18:12:02 INFO  com.app.Shopping  - Welcome to online shopping Mall
[main] 2021-08-18 18:12:02 INFO  com.app.Shopping  - ===============================
[main] 2021-08-18 18:12:02 INFO  com.app.Shopping  - Main Menu
[main] 2021-08-18 18:12:02 INFO  com.app.Shopping  - 1)  Login As Customer
[main] 2021-08-18 18:12:02 INFO  com.app.Shopping  - 2)  Login As Employee
[main] 2021-08-18 18:12:02 INFO  com.app.Shopping  - 3)  Register Customer
[main] 2021-08-18 18:12:02 INFO  com.app.Shopping  - 4)  EXIT
[main] 2021-08-18 18:12:02 INFO  com.app.Shopping  - Please enter your choice(1-4)
[main] 2021-08-18 18:12:08 INFO  com.app.Shopping  - Welcome to Customer Login
[main] 2021-08-18 18:12:08 INFO  com.app.Shopping  - Enter UserName
[main] 2021-08-18 18:12:14 INFO  com.app.Shopping  - Enter Password
[main] 2021-08-18 18:12:18 INFO  com.app.Shopping  - 1)  View Product List
[main] 2021-08-18 18:12:18 INFO  com.app.Shopping  - 2)  Add Product to Cart
[main] 2021-08-18 18:12:18 INFO  com.app.Shopping  - 3)  View Cart List
[main] 2021-08-18 18:12:18 INFO  com.app.Shopping  - 4)  Placed Order
[main] 2021-08-18 18:12:18 INFO  com.app.Shopping  - 5)  Mark Order Received
[main] 2021-08-18 18:12:18 INFO  com.app.Shopping  - 6)  Logout
[main] 2021-08-18 18:12:18 INFO  com.app.Shopping  - Please enter your choice(1-6)
[main] 2021-08-18 18:12:21 INFO  com.app.Shopping  - ID-1 Fan Price -- 500
[main] 2021-08-18 18:12:21 INFO  com.app.Shopping  - ID-2 Table Price -- 120
[main] 2021-08-18 18:12:21 INFO  com.app.Shopping  - ID-3 Mobile Price -- 800
[main] 2021-08-18 18:12:21 INFO  com.app.Shopping  - ID-4 TV Price -- 200
[main] 2021-08-18 18:12:21 INFO  com.app.Shopping  - 1)  View Product List
[main] 2021-08-18 18:12:21 INFO  com.app.Shopping  - 2)  Add Product to Cart
[main] 2021-08-18 18:12:21 INFO  com.app.Shopping  - 3)  View Cart List
[main] 2021-08-18 18:12:21 INFO  com.app.Shopping  - 4)  Placed Order
[main] 2021-08-18 18:12:21 INFO  com.app.Shopping  - 5)  Mark Order Received
[main] 2021-08-18 18:12:21 INFO  com.app.Shopping  - 6)  Logout
[main] 2021-08-18 18:12:21 INFO  com.app.Shopping  - Please enter your choice(1-6)
[main] 2021-08-18 18:14:35 INFO  com.app.Shopping  - Welcome to online shopping Mall
[main] 2021-08-18 18:14:35 INFO  com.app.Shopping  - ===============================
[main] 2021-08-18 18:14:35 INFO  com.app.Shopping  - Main Menu
[main] 2021-08-18 18:14:35 INFO  com.app.Shopping  - 1)  Login As Customer
[main] 2021-08-18 18:14:35 INFO  com.app.Shopping  - 2)  Login As Employee
[main] 2021-08-18 18:14:35 INFO  com.app.Shopping  - 3)  Register Customer
[main] 2021-08-18 18:14:35 INFO  com.app.Shopping  - 4)  EXIT
[main] 2021-08-18 18:14:35 INFO  com.app.Shopping  - Please enter your choice(1-4)
[main] 2021-08-18 18:14:39 INFO  com.app.Shopping  - Welcome to Customer Login
[main] 2021-08-18 18:14:39 INFO  com.app.Shopping  - Enter UserName
[main] 2021-08-18 18:14:51 INFO  com.app.Shopping  - Enter Password
[main] 2021-08-18 18:14:55 INFO  com.app.Shopping  - 1)  View Product List
[main] 2021-08-18 18:14:55 INFO  com.app.Shopping  - 2)  Add Product to Cart
[main] 2021-08-18 18:14:55 INFO  com.app.Shopping  - 3)  View Cart List
[main] 2021-08-18 18:14:55 INFO  com.app.Shopping  - 4)  Placed Order
[main] 2021-08-18 18:14:55 INFO  com.app.Shopping  - 5)  Mark Order Received
[main] 2021-08-18 18:14:55 INFO  com.app.Shopping  - 6)  Logout
[main] 2021-08-18 18:14:55 INFO  com.app.Shopping  - Please enter your choice(1-6)
[main] 2021-08-18 18:59:30 INFO  com.app.Shopping  - Welcome to online shopping Mall
[main] 2021-08-18 18:59:30 INFO  com.app.Shopping  - ===============================
[main] 2021-08-18 18:59:30 INFO  com.app.Shopping  - Main Menu
[main] 2021-08-18 18:59:30 INFO  com.app.Shopping  - 1)  Login As Customer
[main] 2021-08-18 18:59:30 INFO  com.app.Shopping  - 2)  Login As Employee
[main] 2021-08-18 18:59:30 INFO  com.app.Shopping  - 3)  Register Customer
[main] 2021-08-18 18:59:30 INFO  com.app.Shopping  - 4)  EXIT
[main] 2021-08-18 18:59:30 INFO  com.app.Shopping  - Please enter your choice(1-4)
[main] 2021-08-18 18:59:36 INFO  com.app.Shopping  - Welcome to Customer Login
[main] 2021-08-18 18:59:36 INFO  com.app.Shopping  - Enter UserName
[main] 2021-08-18 18:59:44 INFO  com.app.Shopping  - Enter Password
[main] 2021-08-18 18:59:50 INFO  com.app.Shopping  - 1)  View Product List
[main] 2021-08-18 18:59:50 INFO  com.app.Shopping  - 2)  Add Product to Cart
[main] 2021-08-18 18:59:50 INFO  com.app.Shopping  - 3)  View Cart List
[main] 2021-08-18 18:59:50 INFO  com.app.Shopping  - 4)  Placed Order
[main] 2021-08-18 18:59:50 INFO  com.app.Shopping  - 5)  Mark Order Received
[main] 2021-08-18 18:59:50 INFO  com.app.Shopping  - 6)  Logout
[main] 2021-08-18 18:59:50 INFO  com.app.Shopping  - Please enter your choice(1-6)
[main] 2021-08-18 18:59:56 INFO  com.app.Shopping  - Enter Product Id
[main] 2021-08-18 19:07:23 INFO  com.app.Shopping  - Welcome to online shopping Mall
[main] 2021-08-18 19:07:23 INFO  com.app.Shopping  - ===============================
[main] 2021-08-18 19:07:23 INFO  com.app.Shopping  - Main Menu
[main] 2021-08-18 19:07:23 INFO  com.app.Shopping  - 1)  Login As Customer
[main] 2021-08-18 19:07:23 INFO  com.app.Shopping  - 2)  Login As Employee
[main] 2021-08-18 19:07:23 INFO  com.app.Shopping  - 3)  Register Customer
[main] 2021-08-18 19:07:23 INFO  com.app.Shopping  - 4)  EXIT
[main] 2021-08-18 19:07:23 INFO  com.app.Shopping  - Please enter your choice(1-4)
[main] 2021-08-18 19:07:28 INFO  com.app.Shopping  - Welcome to Customer Login
[main] 2021-08-18 19:07:28 INFO  com.app.Shopping  - Enter UserName
[main] 2021-08-18 19:07:33 INFO  com.app.Shopping  - Enter Password
[main] 2021-08-18 19:07:37 INFO  com.app.Shopping  - Incorrect Username and Password
[main] 2021-08-18 19:07:37 INFO  com.app.Shopping  - 1)  Login As Customer
[main] 2021-08-18 19:07:37 INFO  com.app.Shopping  - 2)  Login As Employee
[main] 2021-08-18 19:07:37 INFO  com.app.Shopping  - 3)  Register Customer
[main] 2021-08-18 19:07:37 INFO  com.app.Shopping  - 4)  EXIT
[main] 2021-08-18 19:07:37 INFO  com.app.Shopping  - Please enter your choice(1-4)
[main] 2021-08-18 19:07:43 INFO  com.app.Shopping  - Welcome to Customer Login
[main] 2021-08-18 19:07:43 INFO  com.app.Shopping  - Enter UserName
[main] 2021-08-18 19:07:50 INFO  com.app.Shopping  - Enter Password
[main] 2021-08-18 19:07:53 INFO  com.app.Shopping  - 1)  View Product List
[main] 2021-08-18 19:07:53 INFO  com.app.Shopping  - 2)  Add Product to Cart
[main] 2021-08-18 19:07:53 INFO  com.app.Shopping  - 3)  View Cart List
[main] 2021-08-18 19:07:53 INFO  com.app.Shopping  - 4)  Placed Order
[main] 2021-08-18 19:07:53 INFO  com.app.Shopping  - 5)  Mark Order Received
[main] 2021-08-18 19:07:53 INFO  com.app.Shopping  - 6)  Logout
[main] 2021-08-18 19:07:53 INFO  com.app.Shopping  - Please enter your choice(1-6)
[main] 2021-08-18 19:07:57 INFO  com.app.Shopping  - Enter Product Id
[main] 2021-08-18 19:08:01 INFO  com.app.Shopping  - Successfuly Added to Cart
[main] 2021-08-18 19:08:01 INFO  com.app.Shopping  - 1)  View Product List
[main] 2021-08-18 19:08:01 INFO  com.app.Shopping  - 2)  Add Product to Cart
[main] 2021-08-18 19:08:01 INFO  com.app.Shopping  - 3)  View Cart List
[main] 2021-08-18 19:08:01 INFO  com.app.Shopping  - 4)  Placed Order
[main] 2021-08-18 19:08:01 INFO  com.app.Shopping  - 5)  Mark Order Received
[main] 2021-08-18 19:08:01 INFO  com.app.Shopping  - 6)  Logout
[main] 2021-08-18 19:08:01 INFO  com.app.Shopping  - Please enter your choice(1-6)
[main] 2021-08-18 19:08:01 INFO  com.app.Shopping  - Enter Product Id
[main] 2021-08-18 19:14:50 INFO  com.app.Shopping  - Welcome to online shopping Mall
[main] 2021-08-18 19:14:50 INFO  com.app.Shopping  - ===============================
[main] 2021-08-18 19:14:50 INFO  com.app.Shopping  - Main Menu
[main] 2021-08-18 19:14:50 INFO  com.app.Shopping  - 1)  Login As Customer
[main] 2021-08-18 19:14:50 INFO  com.app.Shopping  - 2)  Login As Employee
[main] 2021-08-18 19:14:50 INFO  com.app.Shopping  - 3)  Register Customer
[main] 2021-08-18 19:14:50 INFO  com.app.Shopping  - 4)  EXIT
[main] 2021-08-18 19:14:50 INFO  com.app.Shopping  - Please enter your choice(1-4)
[main] 2021-08-18 19:14:52 INFO  com.app.Shopping  - Welcome to Customer Login
[main] 2021-08-18 19:14:52 INFO  com.app.Shopping  - Enter UserName
[main] 2021-08-18 19:14:59 INFO  com.app.Shopping  - Enter Password
[main] 2021-08-18 19:15:34 INFO  com.app.Shopping  - Welcome to online shopping Mall
[main] 2021-08-18 19:15:34 INFO  com.app.Shopping  - ===============================
[main] 2021-08-18 19:15:34 INFO  com.app.Shopping  - Main Menu
[main] 2021-08-18 19:15:34 INFO  com.app.Shopping  - 1)  Login As Customer
[main] 2021-08-18 19:15:34 INFO  com.app.Shopping  - 2)  Login As Employee
[main] 2021-08-18 19:15:34 INFO  com.app.Shopping  - 3)  Register Customer
[main] 2021-08-18 19:15:34 INFO  com.app.Shopping  - 4)  EXIT
[main] 2021-08-18 19:15:34 INFO  com.app.Shopping  - Please enter your choice(1-4)
[main] 2021-08-18 19:18:33 INFO  com.app.Shopping  - Welcome to Customer Login
[main] 2021-08-18 19:18:33 INFO  com.app.Shopping  - Enter UserName
[main] 2021-08-18 19:18:39 INFO  com.app.Shopping  - Enter Password
[main] 2021-08-18 19:18:43 INFO  com.app.Shopping  - 1)  View Product List
[main] 2021-08-18 19:18:43 INFO  com.app.Shopping  - 2)  Add Product to Cart
[main] 2021-08-18 19:18:43 INFO  com.app.Shopping  - 3)  View Cart List
[main] 2021-08-18 19:18:43 INFO  com.app.Shopping  - 4)  Placed Order
[main] 2021-08-18 19:18:43 INFO  com.app.Shopping  - 5)  Mark Order Received
[main] 2021-08-18 19:18:43 INFO  com.app.Shopping  - 6)  Logout
[main] 2021-08-18 19:18:43 INFO  com.app.Shopping  - Please enter your choice(1-6)
[main] 2021-08-18 19:18:46 INFO  com.app.Shopping  - Enter Product Id
[main] 2021-08-18 19:18:49 INFO  com.app.Shopping  - Successfuly Added to Cart!!!
[main] 2021-08-18 19:18:49 INFO  com.app.Shopping  - 1)  View Product List
[main] 2021-08-18 19:18:49 INFO  com.app.Shopping  - 2)  Add Product to Cart
[main] 2021-08-18 19:18:49 INFO  com.app.Shopping  - 3)  View Cart List
[main] 2021-08-18 19:18:49 INFO  com.app.Shopping  - 4)  Placed Order
[main] 2021-08-18 19:18:49 INFO  com.app.Shopping  - 5)  Mark Order Received
[main] 2021-08-18 19:18:49 INFO  com.app.Shopping  - 6)  Logout
[main] 2021-08-18 19:18:49 INFO  com.app.Shopping  - Please enter your choice(1-6)
[main] 2021-08-18 19:18:49 INFO  com.app.Shopping  - Enter Product Id
[main] 2021-08-18 19:35:14 INFO  com.app.Shopping  - Welcome to online shopping Mall
[main] 2021-08-18 19:35:14 INFO  com.app.Shopping  - ===============================
[main] 2021-08-18 19:35:14 INFO  com.app.Shopping  - Main Menu
[main] 2021-08-18 19:35:14 INFO  com.app.Shopping  - 1)  Login As Customer
[main] 2021-08-18 19:35:14 INFO  com.app.Shopping  - 2)  Login As Employee
[main] 2021-08-18 19:35:14 INFO  com.app.Shopping  - 3)  Register Customer
[main] 2021-08-18 19:35:14 INFO  com.app.Shopping  - 4)  EXIT
[main] 2021-08-18 19:35:14 INFO  com.app.Shopping  - Please enter your choice(1-4)
[main] 2021-08-18 19:35:19 INFO  com.app.Shopping  - Welcome to Customer Login
[main] 2021-08-18 19:35:19 INFO  com.app.Shopping  - Enter UserName
[main] 2021-08-18 19:35:26 INFO  com.app.Shopping  - Enter Password
[main] 2021-08-18 19:35:32 INFO  com.app.Shopping  - 1)  View Product List
[main] 2021-08-18 19:35:32 INFO  com.app.Shopping  - 2)  Add Product to Cart
[main] 2021-08-18 19:35:32 INFO  com.app.Shopping  - 3)  View Cart List
[main] 2021-08-18 19:35:32 INFO  com.app.Shopping  - 4)  Placed Order
[main] 2021-08-18 19:35:32 INFO  com.app.Shopping  - 5)  Mark Order Received
[main] 2021-08-18 19:35:32 INFO  com.app.Shopping  - 6)  Logout
[main] 2021-08-18 19:35:32 INFO  com.app.Shopping  - Please enter your choice(1-6)
[main] 2021-08-18 19:35:47 INFO  com.app.Shopping  - Enter Product Id
[main] 2021-08-18 19:38:08 INFO  com.app.Shopping  - Successfuly Added to Cart!!!
[main] 2021-08-18 19:38:08 INFO  com.app.Shopping  - 1)  View Product List
[main] 2021-08-18 19:38:08 INFO  com.app.Shopping  - 2)  Add Product to Cart
[main] 2021-08-18 19:38:08 INFO  com.app.Shopping  - 3)  View Cart List
[main] 2021-08-18 19:38:08 INFO  com.app.Shopping  - 4)  Placed Order
[main] 2021-08-18 19:38:08 INFO  com.app.Shopping  - 5)  Mark Order Received
[main] 2021-08-18 19:38:08 INFO  com.app.Shopping  - 6)  Logout
[main] 2021-08-18 19:38:08 INFO  com.app.Shopping  - Please enter your choice(1-6)
[main] 2021-08-18 19:38:08 INFO  com.app.Shopping  - 1)  View Product List
[main] 2021-08-18 19:38:08 INFO  com.app.Shopping  - 2)  Add Product to Cart
[main] 2021-08-18 19:38:08 INFO  com.app.Shopping  - 3)  View Cart List
[main] 2021-08-18 19:38:08 INFO  com.app.Shopping  - 4)  Placed Order
[main] 2021-08-18 19:38:08 INFO  com.app.Shopping  - 5)  Mark Order Received
[main] 2021-08-18 19:38:08 INFO  com.app.Shopping  - 6)  Logout
[main] 2021-08-18 19:38:08 INFO  com.app.Shopping  - Please enter your choice(1-6)
[main] 2021-08-18 19:38:47 INFO  com.app.Shopping  - ID-1 Fan Price-500
[main] 2021-08-18 19:38:47 INFO  com.app.Shopping  - ID-2 Table Price-120
[main] 2021-08-18 19:38:47 INFO  com.app.Shopping  - ID-3 Mobile Price-800
[main] 2021-08-18 19:38:47 INFO  com.app.Shopping  - ID-4 TV Price-200
[main] 2021-08-18 19:38:47 INFO  com.app.Shopping  - Total Amount 200
[main] 2021-08-18 19:38:47 INFO  com.app.Shopping  - 1)  View Product List
[main] 2021-08-18 19:38:47 INFO  com.app.Shopping  - 2)  Add Product to Cart
[main] 2021-08-18 19:38:47 INFO  com.app.Shopping  - 3)  View Cart List
[main] 2021-08-18 19:38:47 INFO  com.app.Shopping  - 4)  Placed Order
[main] 2021-08-18 19:38:47 INFO  com.app.Shopping  - 5)  Mark Order Received
[main] 2021-08-18 19:38:47 INFO  com.app.Shopping  - 6)  Logout
[main] 2021-08-18 19:38:47 INFO  com.app.Shopping  - Please enter your choice(1-6)
